2021-12-31 09:15:40,348 [Worker-3: Loading available Gradle versions] INFO  o.e.b.c.i.u.g.PublishedGradleVersions - Gradle version information cache is up-to-date. Trying to read.
2021-12-31 09:16:45,818 [Worker-8: Creating maven-archetype-webapp] INFO  o.e.m.c.i.p.ProjectConfigurationManager - Collecting project info '/pom.xml' C:\Users\krishna.chavan\Music\awspractice\MavenWebApp\pom.xml
2021-12-31 09:16:47,983 [Worker-8: Creating maven-archetype-webapp] INFO  o.e.m.c.i.l.LifecycleMappingFactory - Using org.maven.ide.eclipse.wtp.WarLifecycleMapping lifecycle mapping for MavenProject: com.brillio:MavenWebApp:0.0.1-SNAPSHOT @ C:\Users\krishna.chavan\Music\awspractice\MavenWebApp\pom.xml.
2021-12-31 09:16:49,079 [Worker-8: Creating maven-archetype-webapp] INFO  o.e.m.j.i.AbstractJavaProjectConfigurator - Adding source folder /MavenWebApp/src/main/java
2021-12-31 09:16:49,079 [Worker-8: Creating maven-archetype-webapp] INFO  o.e.m.j.i.AbstractJavaProjectConfigurator - Adding resource folder /MavenWebApp/src/main/resources
2021-12-31 09:16:49,080 [Worker-8: Creating maven-archetype-webapp] INFO  o.e.m.j.i.AbstractJavaProjectConfigurator - Adding source folder /MavenWebApp/src/test/java
2021-12-31 09:16:50,883 [Worker-8: Creating maven-archetype-webapp] INFO  o.e.m.c.i.p.ProjectConfigurationManager - Imported and configured 1 project(s) in 5 sec
2021-12-31 09:16:52,359 [Worker-0: Building] WARN  o.e.m.c.i.embedder.EclipseLogger - Using platform encoding (Cp1252 actually) to copy filtered resources, i.e. build is platform dependent!
2021-12-31 09:16:52,369 [Worker-0: Building] INFO  o.e.m.c.i.embedder.EclipseLogger - Copying 0 resource
2021-12-31 09:16:52,371 [Worker-0: Building] WARN  o.e.m.c.i.embedder.EclipseLogger - Using platform encoding (Cp1252 actually) to copy filtered resources, i.e. build is platform dependent!
2021-12-31 09:16:52,377 [Worker-0: Building] INFO  o.e.m.c.i.embedder.EclipseLogger - skip non existing resourceDirectory C:\Users\krishna.chavan\Music\awspractice\MavenWebApp\src\test\resources
2021-12-31 09:18:07,485 [Worker-1: Building] WARN  o.e.m.c.i.embedder.EclipseLogger - Using platform encoding (Cp1252 actually) to copy filtered resources, i.e. build is platform dependent!
2021-12-31 09:18:07,495 [Worker-1: Building] INFO  o.e.m.c.i.embedder.EclipseLogger - Copying 0 resource
2021-12-31 09:18:07,496 [Worker-1: Building] WARN  o.e.m.c.i.embedder.EclipseLogger - Using platform encoding (Cp1252 actually) to copy filtered resources, i.e. build is platform dependent!
2021-12-31 09:18:07,503 [Worker-1: Building] INFO  o.e.m.c.i.embedder.EclipseLogger - skip non existing resourceDirectory C:\Users\krishna.chavan\Music\awspractice\MavenWebApp\src\test\resources
2021-12-31 09:29:59,685 [Worker-5: Building] WARN  o.e.m.c.i.embedder.EclipseLogger - Using platform encoding (Cp1252 actually) to copy filtered resources, i.e. build is platform dependent!
2021-12-31 09:29:59,690 [Worker-5: Building] INFO  o.e.m.c.i.embedder.EclipseLogger - Copying 0 resource
2021-12-31 09:29:59,691 [Worker-5: Building] WARN  o.e.m.c.i.embedder.EclipseLogger - Using platform encoding (Cp1252 actually) to copy filtered resources, i.e. build is platform dependent!
2021-12-31 09:29:59,696 [Worker-5: Building] INFO  o.e.m.c.i.embedder.EclipseLogger - skip non existing resourceDirectory C:\Users\krishna.chavan\Music\awspractice\MavenWebApp\src\test\resources
2021-12-31 09:35:06,457 [main] INFO  o.e.m2e.actions.ExecutePomAction - Creating new launch configuration
2021-12-31 09:35:20,887 [Worker-3: Launching Clean Test] INFO  o.e.m.i.launch.MavenLaunchDelegate - C:\Users\krishna.chavan\Music\awspractice\MavenWebApp
